<?xml version="1.0" encoding="UTF-8"?>
<testsuite xmlns:xsi="http://www.w3.org/2001/XMLSchema-instance" xsi:noNamespaceSchemaLocation="https://maven.apache.org/surefire/maven-surefire-plugin/xsd/surefire-test-report.xsd" name="online_tusur.unit_online_tusur.ParamTest" time="0.354" tests="41" errors="0" skipped="0" failures="1">
  <properties>
    <property name="sun.desktop" value="windows"/>
    <property name="awt.toolkit" value="sun.awt.windows.WToolkit"/>
    <property name="file.encoding.pkg" value="sun.io"/>
    <property name="java.specification.version" value="1.8"/>
    <property name="sun.cpu.isalist" value="amd64"/>
    <property name="sun.jnu.encoding" value="Cp1251"/>
    <property name="java.class.path" value="C:\Users\Admin\eclipse-workspace\unit-online-tusur\target\test-classes;C:\Users\Admin\eclipse-workspace\unit-online-tusur\target\classes;C:\Users\Admin\.m2\repository\org\junit\jupiter\junit-jupiter-engine\5.4.0\junit-jupiter-engine-5.4.0.jar;C:\Users\Admin\.m2\repository\org\apiguardian\apiguardian-api\1.0.0\apiguardian-api-1.0.0.jar;C:\Users\Admin\.m2\repository\org\junit\platform\junit-platform-engine\1.4.0\junit-platform-engine-1.4.0.jar;C:\Users\Admin\.m2\repository\org\junit\jupiter\junit-jupiter-api\5.4.0\junit-jupiter-api-5.4.0.jar;C:\Users\Admin\.m2\repository\org\opentest4j\opentest4j\1.1.1\opentest4j-1.1.1.jar;C:\Users\Admin\.m2\repository\org\junit\platform\junit-platform-commons\1.4.0\junit-platform-commons-1.4.0.jar;C:\Users\Admin\.m2\repository\org\junit\jupiter\junit-jupiter-params\5.4.0\junit-jupiter-params-5.4.0.jar;C:\Users\Admin\.m2\repository\org\junit\platform\junit-platform-runner\1.4.0\junit-platform-runner-1.4.0.jar;C:\Users\Admin\.m2\repository\junit\junit\4.12\junit-4.12.jar;C:\Users\Admin\.m2\repository\org\hamcrest\hamcrest-core\1.3\hamcrest-core-1.3.jar;C:\Users\Admin\.m2\repository\org\junit\platform\junit-platform-launcher\1.4.0\junit-platform-launcher-1.4.0.jar;C:\Users\Admin\.m2\repository\org\junit\platform\junit-platform-suite-api\1.4.0\junit-platform-suite-api-1.4.0.jar;"/>
    <property name="java.vm.vendor" value="Oracle Corporation"/>
    <property name="sun.arch.data.model" value="64"/>
    <property name="user.variant" value=""/>
    <property name="java.vendor.url" value="http://java.oracle.com/"/>
    <property name="user.timezone" value="Asia/Tomsk"/>
    <property name="java.vm.specification.version" value="1.8"/>
    <property name="os.name" value="Windows 10"/>
    <property name="user.country" value="RU"/>
    <property name="sun.java.launcher" value="SUN_STANDARD"/>
    <property name="sun.boot.library.path" value="C:\Program Files\Java\jdk1.8.0_231\jre\bin"/>
    <property name="sun.java.command" value="C:\Users\Admin\AppData\Local\Temp\surefire7342644652821957517\surefirebooter8481164872611411010.jar C:\Users\Admin\AppData\Local\Temp\surefire7342644652821957517 2022-01-24T23-09-00_001-jvmRun1 surefire6691769214476132149tmp surefire_04501493339237043809tmp"/>
    <property name="surefire.test.class.path" value="C:\Users\Admin\eclipse-workspace\unit-online-tusur\target\test-classes;C:\Users\Admin\eclipse-workspace\unit-online-tusur\target\classes;C:\Users\Admin\.m2\repository\org\junit\jupiter\junit-jupiter-engine\5.4.0\junit-jupiter-engine-5.4.0.jar;C:\Users\Admin\.m2\repository\org\apiguardian\apiguardian-api\1.0.0\apiguardian-api-1.0.0.jar;C:\Users\Admin\.m2\repository\org\junit\platform\junit-platform-engine\1.4.0\junit-platform-engine-1.4.0.jar;C:\Users\Admin\.m2\repository\org\junit\jupiter\junit-jupiter-api\5.4.0\junit-jupiter-api-5.4.0.jar;C:\Users\Admin\.m2\repository\org\opentest4j\opentest4j\1.1.1\opentest4j-1.1.1.jar;C:\Users\Admin\.m2\repository\org\junit\platform\junit-platform-commons\1.4.0\junit-platform-commons-1.4.0.jar;C:\Users\Admin\.m2\repository\org\junit\jupiter\junit-jupiter-params\5.4.0\junit-jupiter-params-5.4.0.jar;C:\Users\Admin\.m2\repository\org\junit\platform\junit-platform-runner\1.4.0\junit-platform-runner-1.4.0.jar;C:\Users\Admin\.m2\repository\junit\junit\4.12\junit-4.12.jar;C:\Users\Admin\.m2\repository\org\hamcrest\hamcrest-core\1.3\hamcrest-core-1.3.jar;C:\Users\Admin\.m2\repository\org\junit\platform\junit-platform-launcher\1.4.0\junit-platform-launcher-1.4.0.jar;C:\Users\Admin\.m2\repository\org\junit\platform\junit-platform-suite-api\1.4.0\junit-platform-suite-api-1.4.0.jar;"/>
    <property name="sun.cpu.endian" value="little"/>
    <property name="user.home" value="C:\Users\Admin"/>
    <property name="user.language" value="ru"/>
    <property name="java.specification.vendor" value="Oracle Corporation"/>
    <property name="java.home" value="C:\Program Files\Java\jdk1.8.0_231\jre"/>
    <property name="basedir" value="C:\Users\Admin\eclipse-workspace\unit-online-tusur"/>
    <property name="file.separator" value="\"/>
    <property name="line.separator" value="&#10;"/>
    <property name="java.vm.specification.vendor" value="Oracle Corporation"/>
    <property name="java.specification.name" value="Java Platform API Specification"/>
    <property name="java.awt.graphicsenv" value="sun.awt.Win32GraphicsEnvironment"/>
    <property name="surefire.real.class.path" value="C:\Users\Admin\AppData\Local\Temp\surefire7342644652821957517\surefirebooter8481164872611411010.jar"/>
    <property name="sun.boot.class.path" value="C:\Program Files\Java\jdk1.8.0_231\jre\lib\resources.jar;C:\Program Files\Java\jdk1.8.0_231\jre\lib\rt.jar;C:\Program Files\Java\jdk1.8.0_231\jre\lib\sunrsasign.jar;C:\Program Files\Java\jdk1.8.0_231\jre\lib\jsse.jar;C:\Program Files\Java\jdk1.8.0_231\jre\lib\jce.jar;C:\Program Files\Java\jdk1.8.0_231\jre\lib\charsets.jar;C:\Program Files\Java\jdk1.8.0_231\jre\lib\jfr.jar;C:\Program Files\Java\jdk1.8.0_231\jre\classes"/>
    <property name="user.script" value=""/>
    <property name="sun.management.compiler" value="HotSpot 64-Bit Tiered Compilers"/>
    <property name="java.runtime.version" value="1.8.0_231-b11"/>
    <property name="user.name" value="Admin"/>
    <property name="path.separator" value=";"/>
    <property name="os.version" value="10.0"/>
    <property name="java.endorsed.dirs" value="C:\Program Files\Java\jdk1.8.0_231\jre\lib\endorsed"/>
    <property name="java.runtime.name" value="Java(TM) SE Runtime Environment"/>
    <property name="file.encoding" value="Cp1251"/>
    <property name="java.vm.name" value="Java HotSpot(TM) 64-Bit Server VM"/>
    <property name="localRepository" value="C:\Users\Admin\.m2\repository"/>
    <property name="java.vendor.url.bug" value="http://bugreport.sun.com/bugreport/"/>
    <property name="java.io.tmpdir" value="C:\Users\Admin\AppData\Local\Temp\"/>
    <property name="java.version" value="1.8.0_231"/>
    <property name="user.dir" value="C:\Users\Admin\eclipse-workspace\unit-online-tusur"/>
    <property name="os.arch" value="amd64"/>
    <property name="java.vm.specification.name" value="Java Virtual Machine Specification"/>
    <property name="java.awt.printerjob" value="sun.awt.windows.WPrinterJob"/>
    <property name="sun.os.patch.level" value=""/>
    <property name="java.library.path" value="C:\Program Files\Java\jdk1.8.0_231\jre\bin;C:\Windows\Sun\Java\bin;C:\Windows\system32;C:\Windows;C:/Program Files/Java/jre1.8.0_321/bin/server;C:/Program Files/Java/jre1.8.0_321/bin;C:/Program Files/Java/jre1.8.0_321/lib/amd64;C:\Program Files (x86)\Common Files\Oracle\Java\javapath;C:\Program Files\Common Files\Oracle\Java\javapath;C:\Windows\system32;C:\Windows;C:\Windows\System32\Wbem;C:\Windows\System32\WindowsPowerShell\v1.0\;C:\Windows\System32\OpenSSH\;C:\Program Files\Git\cmd;C:\Users\Admin\AppData\Local\Microsoft\WindowsApps;;C:\Users\Admin\Desktop;;."/>
    <property name="java.vm.info" value="mixed mode"/>
    <property name="java.vendor" value="Oracle Corporation"/>
    <property name="java.vm.version" value="25.231-b11"/>
    <property name="java.ext.dirs" value="C:\Program Files\Java\jdk1.8.0_231\jre\lib\ext;C:\Windows\Sun\Java\lib\ext"/>
    <property name="sun.io.unicode.encoding" value="UnicodeLittle"/>
    <property name="java.class.version" value="52.0"/>
  </properties>
  <testcase name="testWithCsvSource{String}[1]" classname="online_tusur.unit_online_tusur.ParamTest" time="0.063"/>
  <testcase name="testWithCsvSource{String}[2]" classname="online_tusur.unit_online_tusur.ParamTest" time="0.001"/>
  <testcase name="testWithCsvSource{String}[3]" classname="online_tusur.unit_online_tusur.ParamTest" time="0.001"/>
  <testcase name="testWithCsvSource{String}[4]" classname="online_tusur.unit_online_tusur.ParamTest" time="0.001"/>
  <testcase name="testWithCsvSource{String}[5]" classname="online_tusur.unit_online_tusur.ParamTest" time="0.001"/>
  <testcase name="testWithValueSource{int}[1]" classname="online_tusur.unit_online_tusur.ParamTest" time="0.003"/>
  <testcase name="testWithValueSource{int}[2]" classname="online_tusur.unit_online_tusur.ParamTest" time="0.001"/>
  <testcase name="testWithValueSource{int}[3]" classname="online_tusur.unit_online_tusur.ParamTest" time="0.001"/>
  <testcase name="testWithValueSource{int}[4]" classname="online_tusur.unit_online_tusur.ParamTest" time="0.002"/>
  <testcase name="testWithValueSourse{Integer}[1]" classname="online_tusur.unit_online_tusur.ParamTest" time="0.021">
    <failure message="expected: not equal but was: &lt;18&gt;" type="org.opentest4j.AssertionFailedError"><![CDATA[org.opentest4j.AssertionFailedError: expected: not equal but was: <18>
	at online_tusur.unit_online_tusur.ParamTest.testWithValueSourse(ParamTest.java:39)
]]></failure>
  </testcase>
  <testcase name="testWithValueSourse{Integer}[2]" classname="online_tusur.unit_online_tusur.ParamTest" time="0.001"/>
  <testcase name="testWithValueSourse{Integer}[3]" classname="online_tusur.unit_online_tusur.ParamTest" time="0"/>
  <testcase name="testWithValueSourse{Integer}[4]" classname="online_tusur.unit_online_tusur.ParamTest" time="0.001"/>
  <testcase name="testWithValueSourse{Integer}[5]" classname="online_tusur.unit_online_tusur.ParamTest" time="0.001"/>
  <testcase name="testWithValueSourse{Integer}[6]" classname="online_tusur.unit_online_tusur.ParamTest" time="0.001"/>
  <testcase name="testWithValueSourse{Integer}[7]" classname="online_tusur.unit_online_tusur.ParamTest" time="0.001"/>
  <testcase name="testWithValueSourse{Integer}[8]" classname="online_tusur.unit_online_tusur.ParamTest" time="0"/>
  <testcase name="testWithValueSourse{Integer}[9]" classname="online_tusur.unit_online_tusur.ParamTest" time="0.001"/>
  <testcase name="testWithValueSourse{Integer}[10]" classname="online_tusur.unit_online_tusur.ParamTest" time="0.001"/>
  <testcase name="testWithValueSourse{Integer}[11]" classname="online_tusur.unit_online_tusur.ParamTest" time="0.001"/>
  <testcase name="testWithValueSourse{Integer}[12]" classname="online_tusur.unit_online_tusur.ParamTest" time="0.001"/>
  <testcase name="testWithValueSourse{Integer}[13]" classname="online_tusur.unit_online_tusur.ParamTest" time="0"/>
  <testcase name="testWithValueSourse{Integer}[14]" classname="online_tusur.unit_online_tusur.ParamTest" time="0"/>
  <testcase name="testWithValueSourse{Integer}[15]" classname="online_tusur.unit_online_tusur.ParamTest" time="0.001"/>
  <testcase name="testWithValueSourse{Integer}[16]" classname="online_tusur.unit_online_tusur.ParamTest" time="0.002"/>
  <testcase name="testWithValueSourse{Integer}[17]" classname="online_tusur.unit_online_tusur.ParamTest" time="0.001"/>
  <testcase name="testWithValueSourse{Integer}[18]" classname="online_tusur.unit_online_tusur.ParamTest" time="0.001"/>
  <testcase name="testWithValueSourse{Integer}[19]" classname="online_tusur.unit_online_tusur.ParamTest" time="0.001"/>
  <testcase name="testWithValueSourse{Integer}[20]" classname="online_tusur.unit_online_tusur.ParamTest" time="0.001"/>
  <testcase name="testWithValueSourse{Integer}[21]" classname="online_tusur.unit_online_tusur.ParamTest" time="0.001"/>
  <testcase name="testWithValueSourse{Integer}[22]" classname="online_tusur.unit_online_tusur.ParamTest" time="0.001"/>
  <testcase name="testWithValueSourse{Integer}[23]" classname="online_tusur.unit_online_tusur.ParamTest" time="0.001"/>
  <testcase name="testWithValueSourse{Integer}[24]" classname="online_tusur.unit_online_tusur.ParamTest" time="0.001"/>
  <testcase name="testWithValueSourse{Integer}[25]" classname="online_tusur.unit_online_tusur.ParamTest" time="0.001"/>
  <testcase name="testWithValueSourse{Integer}[26]" classname="online_tusur.unit_online_tusur.ParamTest" time="0.001"/>
  <testcase name="testWithValueSourse{Integer}[27]" classname="online_tusur.unit_online_tusur.ParamTest" time="0"/>
  <testcase name="testWithValueSourse{Integer}[28]" classname="online_tusur.unit_online_tusur.ParamTest" time="0.001"/>
  <testcase name="testWithValueSourse{Integer}[29]" classname="online_tusur.unit_online_tusur.ParamTest" time="0.001"/>
  <testcase name="testWithValueSourse{Integer}[30]" classname="online_tusur.unit_online_tusur.ParamTest" time="0.001"/>
  <testcase name="testWithValueSourse{Integer}[31]" classname="online_tusur.unit_online_tusur.ParamTest" time="0"/>
  <testcase name="testWithValueSourse{Integer}[32]" classname="online_tusur.unit_online_tusur.ParamTest" time="0"/>
</testsuite>