<?xml version="1.0" encoding="UTF-8"?>
<!-- Generated by org.testng.reporters.JUnitReportReporter -->
<testsuite skipped="0" hostname="WIN-JHSNJM80U4Q" name="TestGrid4TestNG" tests="2" failures="0" timestamp="2022-03-31T23:15:52 GMT+07:00" time="14.702" errors="0">
  <testcase name="test1" time="9.727" classname="TestGrid4TestNG"/>
  <system-out/>
  <testcase name="test2" time="4.975" classname="TestGrid4TestNG"/>
  <system-out/>
</testsuite> <!-- TestGrid4TestNG -->
