<?xml version="1.0" encoding="UTF-8"?>
<!-- Generated by org.testng.reporters.JUnitReportReporter -->
<testsuite skipped="0" hostname="WIN-JHSNJM80U4Q" name="online_tusur.unit_online_tusur.Test_NG_Dynamic" tests="3" failures="0" timestamp="2022-02-21T12:29:04 GMT+07:00" time="0.085" errors="0">
  <testcase name="TestLastName" time="0.050" classname="online_tusur.unit_online_tusur.Test_NG_Dynamic"/>
  <system-out/>
  <testcase name="TestLastName" time="0.007" classname="online_tusur.unit_online_tusur.Test_NG_Dynamic"/>
  <system-out/>
  <testcase name="TestLastName" time="0.028" classname="online_tusur.unit_online_tusur.Test_NG_Dynamic"/>
  <system-out/>
</testsuite> <!-- online_tusur.unit_online_tusur.Test_NG_Dynamic -->
