<?xml version="1.0" encoding="UTF-8"?>
<!-- Generated by org.testng.reporters.JUnitReportReporter -->
<testsuite skipped="0" hostname="WIN-JHSNJM80U4Q" name="TestGri4TestNG" tests="2" failures="0" timestamp="2022-03-30T00:04:29 GMT+07:00" time="15.643" errors="0">
  <testcase name="test2" time="3.911" classname="TestGri4TestNG"/>
  <system-out/>
  <testcase name="test1" time="11.732" classname="TestGri4TestNG"/>
  <system-out/>
</testsuite> <!-- TestGri4TestNG -->
